/home/pratham/Documents/sauvc_ws/install/auv_core/lib/python3.10/site-packages/auv_core/flare_Detection.py
/home/pratham/Documents/sauvc_ws/install/auv_core/lib/python3.10/site-packages/auv_core/optical_flow_node.py
/home/pratham/Documents/sauvc_ws/install/auv_core/lib/python3.10/site-packages/auv_core/gate_detector_node.py
/home/pratham/Documents/sauvc_ws/install/auv_core/lib/python3.10/site-packages/auv_core/depth_processor_node.py
/home/pratham/Documents/sauvc_ws/install/auv_core/lib/python3.10/site-packages/auv_core/BT.py
/home/pratham/Documents/sauvc_ws/install/auv_core/lib/python3.10/site-packages/auv_core/control_node.py
/home/pratham/Documents/sauvc_ws/install/auv_core/lib/python3.10/site-packages/auv_core/diagnostic_node.py
/home/pratham/Documents/sauvc_ws/install/auv_core/lib/python3.10/site-packages/auv_core/gate_navigator_node.py
/home/pratham/Documents/sauvc_ws/install/auv_core/lib/python3.10/site-packages/auv_core/safety_monitor_node.py
/home/pratham/Documents/sauvc_ws/install/auv_core/lib/python3.10/site-packages/auv_core/bluerov_teleop_ign.py
/home/pratham/Documents/sauvc_ws/install/auv_core/lib/python3.10/site-packages/auv_core/simple_thruster_mapper.py
/home/pratham/Documents/sauvc_ws/install/auv_core/lib/python3.10/site-packages/auv_core/__init__.py
/home/pratham/Documents/sauvc_ws/install/auv_core/lib/python3.10/site-packages/auv_core/mission_state_manager.py
/home/pratham/Documents/sauvc_ws/install/auv_core/lib/python3.10/site-packages/auv_core/__pycache__/flare_Detection.cpython-310.pyc
/home/pratham/Documents/sauvc_ws/install/auv_core/lib/python3.10/site-packages/auv_core/__pycache__/optical_flow_node.cpython-310.pyc
/home/pratham/Documents/sauvc_ws/install/auv_core/lib/python3.10/site-packages/auv_core/__pycache__/gate_detector_node.cpython-310.pyc
/home/pratham/Documents/sauvc_ws/install/auv_core/lib/python3.10/site-packages/auv_core/__pycache__/depth_processor_node.cpython-310.pyc
/home/pratham/Documents/sauvc_ws/install/auv_core/lib/python3.10/site-packages/auv_core/__pycache__/BT.cpython-310.pyc
/home/pratham/Documents/sauvc_ws/install/auv_core/lib/python3.10/site-packages/auv_core/__pycache__/control_node.cpython-310.pyc
/home/pratham/Documents/sauvc_ws/install/auv_core/lib/python3.10/site-packages/auv_core/__pycache__/diagnostic_node.cpython-310.pyc
/home/pratham/Documents/sauvc_ws/install/auv_core/lib/python3.10/site-packages/auv_core/__pycache__/gate_navigator_node.cpython-310.pyc
/home/pratham/Documents/sauvc_ws/install/auv_core/lib/python3.10/site-packages/auv_core/__pycache__/safety_monitor_node.cpython-310.pyc
/home/pratham/Documents/sauvc_ws/install/auv_core/lib/python3.10/site-packages/auv_core/__pycache__/bluerov_teleop_ign.cpython-310.pyc
/home/pratham/Documents/sauvc_ws/install/auv_core/lib/python3.10/site-packages/auv_core/__pycache__/simple_thruster_mapper.cpython-310.pyc
/home/pratham/Documents/sauvc_ws/install/auv_core/lib/python3.10/site-packages/auv_core/__pycache__/__init__.cpython-310.pyc
/home/pratham/Documents/sauvc_ws/install/auv_core/lib/python3.10/site-packages/auv_core/__pycache__/mission_state_manager.cpython-310.pyc
/home/pratham/Documents/sauvc_ws/install/auv_core/share/ament_index/resource_index/packages/auv_core
/home/pratham/Documents/sauvc_ws/install/auv_core/share/auv_core/package.xml
/home/pratham/Documents/sauvc_ws/install/auv_core/share/auv_core/launch/simulation_launch.py
/home/pratham/Documents/sauvc_ws/install/auv_core/share/auv_core/launch/auv_launch.py
/home/pratham/Documents/sauvc_ws/install/auv_core/share/auv_core/config/bridge_config.yaml
/home/pratham/Documents/sauvc_ws/install/auv_core/share/auv_core/config/mission_params.yaml
/home/pratham/Documents/sauvc_ws/install/auv_core/share/auv_core/config/ekf.yaml
/home/pratham/Documents/sauvc_ws/install/auv_core/share/auv_core/config/config_stereo.yaml
/home/pratham/Documents/sauvc_ws/install/auv_core/share/auv_core/config/navigation_params.yaml
/home/pratham/Documents/sauvc_ws/install/auv_core/share/auv_core/config/gate_params.yaml
/home/pratham/Documents/sauvc_ws/install/auv_core/share/auv_core/config/flare_params.yaml
/home/pratham/Documents/sauvc_ws/install/auv_core/share/auv_core/config/thruster_params.yaml
/home/pratham/Documents/sauvc_ws/install/auv_core/share/auv_core/config/gz_bridge.yaml
/home/pratham/Documents/sauvc_ws/install/auv_core/share/auv_core/config/safety_params.yaml
/home/pratham/Documents/sauvc_ws/install/auv_core/share/auv_core/urdf/orca4_description.urdf
/home/pratham/Documents/sauvc_ws/install/auv_core/share/auv_core/worlds/sauvc_pool.sdf
/home/pratham/Documents/sauvc_ws/install/auv_core/share/auv_core/meshes/t200-ccw-prop.dae
/home/pratham/Documents/sauvc_ws/install/auv_core/share/auv_core/meshes/t200-cw-prop.dae
/home/pratham/Documents/sauvc_ws/install/auv_core/share/auv_core/meshes/bluerov2.dae
/home/pratham/Documents/sauvc_ws/install/auv_core/share/auv_core/rviz/slam.rviz
/home/pratham/Documents/sauvc_ws/install/auv_core/share/auv_core/rviz/urdf_config.rviz
/home/pratham/Documents/sauvc_ws/install/auv_core/lib/python3.10/site-packages/auv_core-0.0.2-py3.10.egg-info/top_level.txt
/home/pratham/Documents/sauvc_ws/install/auv_core/lib/python3.10/site-packages/auv_core-0.0.2-py3.10.egg-info/requires.txt
/home/pratham/Documents/sauvc_ws/install/auv_core/lib/python3.10/site-packages/auv_core-0.0.2-py3.10.egg-info/entry_points.txt
/home/pratham/Documents/sauvc_ws/install/auv_core/lib/python3.10/site-packages/auv_core-0.0.2-py3.10.egg-info/SOURCES.txt
/home/pratham/Documents/sauvc_ws/install/auv_core/lib/python3.10/site-packages/auv_core-0.0.2-py3.10.egg-info/zip-safe
/home/pratham/Documents/sauvc_ws/install/auv_core/lib/python3.10/site-packages/auv_core-0.0.2-py3.10.egg-info/dependency_links.txt
/home/pratham/Documents/sauvc_ws/install/auv_core/lib/python3.10/site-packages/auv_core-0.0.2-py3.10.egg-info/PKG-INFO
/home/pratham/Documents/sauvc_ws/install/auv_core/lib/auv_core/acoustic_pinger_detector
/home/pratham/Documents/sauvc_ws/install/auv_core/lib/auv_core/behavior_tree_node
/home/pratham/Documents/sauvc_ws/install/auv_core/lib/auv_core/bluerov_teleop
/home/pratham/Documents/sauvc_ws/install/auv_core/lib/auv_core/control_node
/home/pratham/Documents/sauvc_ws/install/auv_core/lib/auv_core/depth_processor_node
/home/pratham/Documents/sauvc_ws/install/auv_core/lib/auv_core/diagnostic_node
/home/pratham/Documents/sauvc_ws/install/auv_core/lib/auv_core/flare_detector_node
/home/pratham/Documents/sauvc_ws/install/auv_core/lib/auv_core/gate_detector_node
/home/pratham/Documents/sauvc_ws/install/auv_core/lib/auv_core/gate_navigator_node
/home/pratham/Documents/sauvc_ws/install/auv_core/lib/auv_core/mission_state_manager
/home/pratham/Documents/sauvc_ws/install/auv_core/lib/auv_core/optical_flow_node
/home/pratham/Documents/sauvc_ws/install/auv_core/lib/auv_core/safety_monitor
/home/pratham/Documents/sauvc_ws/install/auv_core/lib/auv_core/simple_thruster_mapper
