running egg_info
creating ../../build/auv_core/auv_core.egg-info
writing ../../build/auv_core/auv_core.egg-info/PKG-INFO
writing dependency_links to ../../build/auv_core/auv_core.egg-info/dependency_links.txt
writing entry points to ../../build/auv_core/auv_core.egg-info/entry_points.txt
writing requirements to ../../build/auv_core/auv_core.egg-info/requires.txt
writing top-level names to ../../build/auv_core/auv_core.egg-info/top_level.txt
writing manifest file '../../build/auv_core/auv_core.egg-info/SOURCES.txt'
reading manifest file '../../build/auv_core/auv_core.egg-info/SOURCES.txt'
writing manifest file '../../build/auv_core/auv_core.egg-info/SOURCES.txt'
running build
running build_py
creating /home/pratham/Documents/sauvc_ws/build/auv_core/build
creating /home/pratham/Documents/sauvc_ws/build/auv_core/build/lib
creating /home/pratham/Documents/sauvc_ws/build/auv_core/build/lib/auv_core
copying auv_core/gate_detector_node.py -> /home/pratham/Documents/sauvc_ws/build/auv_core/build/lib/auv_core
copying auv_core/gate_navigator_node.py -> /home/pratham/Documents/sauvc_ws/build/auv_core/build/lib/auv_core
copying auv_core/__init__.py -> /home/pratham/Documents/sauvc_ws/build/auv_core/build/lib/auv_core
running install
running install_lib
creating /home/pratham/Documents/sauvc_ws/install/auv_core/lib/python3.10/site-packages/auv_core
copying /home/pratham/Documents/sauvc_ws/build/auv_core/build/lib/auv_core/gate_detector_node.py -> /home/pratham/Documents/sauvc_ws/install/auv_core/lib/python3.10/site-packages/auv_core
copying /home/pratham/Documents/sauvc_ws/build/auv_core/build/lib/auv_core/gate_navigator_node.py -> /home/pratham/Documents/sauvc_ws/install/auv_core/lib/python3.10/site-packages/auv_core
copying /home/pratham/Documents/sauvc_ws/build/auv_core/build/lib/auv_core/__init__.py -> /home/pratham/Documents/sauvc_ws/install/auv_core/lib/python3.10/site-packages/auv_core
byte-compiling /home/pratham/Documents/sauvc_ws/install/auv_core/lib/python3.10/site-packages/auv_core/gate_detector_node.py to gate_detector_node.cpython-310.pyc
byte-compiling /home/pratham/Documents/sauvc_ws/install/auv_core/lib/python3.10/site-packages/auv_core/gate_navigator_node.py to gate_navigator_node.cpython-310.pyc
byte-compiling /home/pratham/Documents/sauvc_ws/install/auv_core/lib/python3.10/site-packages/auv_core/__init__.py to __init__.cpython-310.pyc
running install_data
creating /home/pratham/Documents/sauvc_ws/install/auv_core/share/ament_index
creating /home/pratham/Documents/sauvc_ws/install/auv_core/share/ament_index/resource_index
creating /home/pratham/Documents/sauvc_ws/install/auv_core/share/ament_index/resource_index/packages
copying resource/auv_core -> /home/pratham/Documents/sauvc_ws/install/auv_core/share/ament_index/resource_index/packages
copying package.xml -> /home/pratham/Documents/sauvc_ws/install/auv_core/share/auv_core
creating /home/pratham/Documents/sauvc_ws/install/auv_core/share/auv_core/launch
copying launch/simulation_launch.py -> /home/pratham/Documents/sauvc_ws/install/auv_core/share/auv_core/launch
copying launch/auv_launch.py -> /home/pratham/Documents/sauvc_ws/install/auv_core/share/auv_core/launch
creating /home/pratham/Documents/sauvc_ws/install/auv_core/share/auv_core/config
copying config/bridge_config.yaml -> /home/pratham/Documents/sauvc_ws/install/auv_core/share/auv_core/config
copying config/ekf.yaml -> /home/pratham/Documents/sauvc_ws/install/auv_core/share/auv_core/config
copying config/config_stereo.yaml -> /home/pratham/Documents/sauvc_ws/install/auv_core/share/auv_core/config
copying config/gz_bridge.yaml -> /home/pratham/Documents/sauvc_ws/install/auv_core/share/auv_core/config
creating /home/pratham/Documents/sauvc_ws/install/auv_core/share/auv_core/urdf
copying urdf/orca4_description.urdf -> /home/pratham/Documents/sauvc_ws/install/auv_core/share/auv_core/urdf
creating /home/pratham/Documents/sauvc_ws/install/auv_core/share/auv_core/worlds
copying worlds/sauvc_pool.sdf -> /home/pratham/Documents/sauvc_ws/install/auv_core/share/auv_core/worlds
creating /home/pratham/Documents/sauvc_ws/install/auv_core/share/auv_core/meshes
copying models/orca4_ign/meshes/t200-ccw-prop.dae -> /home/pratham/Documents/sauvc_ws/install/auv_core/share/auv_core/meshes
copying models/orca4_ign/meshes/t200-cw-prop.dae -> /home/pratham/Documents/sauvc_ws/install/auv_core/share/auv_core/meshes
copying models/orca4_ign/meshes/bluerov2.dae -> /home/pratham/Documents/sauvc_ws/install/auv_core/share/auv_core/meshes
creating /home/pratham/Documents/sauvc_ws/install/auv_core/share/auv_core/rviz
copying rviz/slam.rviz -> /home/pratham/Documents/sauvc_ws/install/auv_core/share/auv_core/rviz
copying rviz/urdf_config.rviz -> /home/pratham/Documents/sauvc_ws/install/auv_core/share/auv_core/rviz
running install_egg_info
Copying ../../build/auv_core/auv_core.egg-info to /home/pratham/Documents/sauvc_ws/install/auv_core/lib/python3.10/site-packages/auv_core-0.0.1-py3.10.egg-info
running install_scripts
Installing bluerov_teleop script to /home/pratham/Documents/sauvc_ws/install/auv_core/lib/auv_core
Installing control_node script to /home/pratham/Documents/sauvc_ws/install/auv_core/lib/auv_core
Installing depth_processor_node script to /home/pratham/Documents/sauvc_ws/install/auv_core/lib/auv_core
Installing gate_detector_node script to /home/pratham/Documents/sauvc_ws/install/auv_core/lib/auv_core
Installing gate_navigator_node script to /home/pratham/Documents/sauvc_ws/install/auv_core/lib/auv_core
Installing mission_planner_node script to /home/pratham/Documents/sauvc_ws/install/auv_core/lib/auv_core
Installing optical_flow_node script to /home/pratham/Documents/sauvc_ws/install/auv_core/lib/auv_core
Installing perception_node script to /home/pratham/Documents/sauvc_ws/install/auv_core/lib/auv_core
Installing serial_bridge_node script to /home/pratham/Documents/sauvc_ws/install/auv_core/lib/auv_core
Installing sim_thruster_mapper script to /home/pratham/Documents/sauvc_ws/install/auv_core/lib/auv_core
writing list of installed files to '/home/pratham/Documents/sauvc_ws/build/auv_core/install.log'
