[0.330s] Invoking command in '/home/pratham/Documents/sauvc_ws/src/auv_core': PYTHONPATH=/home/pratham/Documents/sauvc_ws/build/auv_core/prefix_override:/usr/lib/python3/dist-packages/colcon_core/task/python/colcon_distutils_commands:/home/pratham/Documents/sauvc_ws/install/auv_core/lib/python3.10/site-packages:${PYTHONPATH} /usr/bin/python3 -W ignore:setup.py install is deprecated -W ignore:easy_install command is deprecated setup.py egg_info --egg-base ../../build/auv_core build --build-base /home/pratham/Documents/sauvc_ws/build/auv_core/build install --record /home/pratham/Documents/sauvc_ws/build/auv_core/install.log --single-version-externally-managed install_data
[0.458s] running egg_info
[0.458s] creating ../../build/auv_core/auv_core.egg-info
[0.458s] writing ../../build/auv_core/auv_core.egg-info/PKG-INFO
[0.458s] writing dependency_links to ../../build/auv_core/auv_core.egg-info/dependency_links.txt
[0.458s] writing entry points to ../../build/auv_core/auv_core.egg-info/entry_points.txt
[0.459s] writing requirements to ../../build/auv_core/auv_core.egg-info/requires.txt
[0.459s] writing top-level names to ../../build/auv_core/auv_core.egg-info/top_level.txt
[0.459s] writing manifest file '../../build/auv_core/auv_core.egg-info/SOURCES.txt'
[0.459s] reading manifest file '../../build/auv_core/auv_core.egg-info/SOURCES.txt'
[0.460s] writing manifest file '../../build/auv_core/auv_core.egg-info/SOURCES.txt'
[0.460s] running build
[0.460s] running build_py
[0.460s] creating /home/pratham/Documents/sauvc_ws/build/auv_core/build
[0.460s] creating /home/pratham/Documents/sauvc_ws/build/auv_core/build/lib
[0.460s] creating /home/pratham/Documents/sauvc_ws/build/auv_core/build/lib/auv_core
[0.460s] copying auv_core/gate_detector_node.py -> /home/pratham/Documents/sauvc_ws/build/auv_core/build/lib/auv_core
[0.460s] copying auv_core/gate_navigator_node.py -> /home/pratham/Documents/sauvc_ws/build/auv_core/build/lib/auv_core
[0.460s] copying auv_core/__init__.py -> /home/pratham/Documents/sauvc_ws/build/auv_core/build/lib/auv_core
[0.460s] running install
[0.460s] running install_lib
[0.462s] creating /home/pratham/Documents/sauvc_ws/install/auv_core/lib/python3.10/site-packages/auv_core
[0.462s] copying /home/pratham/Documents/sauvc_ws/build/auv_core/build/lib/auv_core/gate_detector_node.py -> /home/pratham/Documents/sauvc_ws/install/auv_core/lib/python3.10/site-packages/auv_core
[0.462s] copying /home/pratham/Documents/sauvc_ws/build/auv_core/build/lib/auv_core/gate_navigator_node.py -> /home/pratham/Documents/sauvc_ws/install/auv_core/lib/python3.10/site-packages/auv_core
[0.462s] copying /home/pratham/Documents/sauvc_ws/build/auv_core/build/lib/auv_core/__init__.py -> /home/pratham/Documents/sauvc_ws/install/auv_core/lib/python3.10/site-packages/auv_core
[0.462s] byte-compiling /home/pratham/Documents/sauvc_ws/install/auv_core/lib/python3.10/site-packages/auv_core/gate_detector_node.py to gate_detector_node.cpython-310.pyc
[0.464s] byte-compiling /home/pratham/Documents/sauvc_ws/install/auv_core/lib/python3.10/site-packages/auv_core/gate_navigator_node.py to gate_navigator_node.cpython-310.pyc
[0.465s] byte-compiling /home/pratham/Documents/sauvc_ws/install/auv_core/lib/python3.10/site-packages/auv_core/__init__.py to __init__.cpython-310.pyc
[0.465s] running install_data
[0.465s] creating /home/pratham/Documents/sauvc_ws/install/auv_core/share/ament_index
[0.465s] creating /home/pratham/Documents/sauvc_ws/install/auv_core/share/ament_index/resource_index
[0.465s] creating /home/pratham/Documents/sauvc_ws/install/auv_core/share/ament_index/resource_index/packages
[0.465s] copying resource/auv_core -> /home/pratham/Documents/sauvc_ws/install/auv_core/share/ament_index/resource_index/packages
[0.465s] copying package.xml -> /home/pratham/Documents/sauvc_ws/install/auv_core/share/auv_core
[0.465s] creating /home/pratham/Documents/sauvc_ws/install/auv_core/share/auv_core/launch
[0.466s] copying launch/simulation_launch.py -> /home/pratham/Documents/sauvc_ws/install/auv_core/share/auv_core/launch
[0.466s] copying launch/auv_launch.py -> /home/pratham/Documents/sauvc_ws/install/auv_core/share/auv_core/launch
[0.466s] creating /home/pratham/Documents/sauvc_ws/install/auv_core/share/auv_core/config
[0.466s] copying config/bridge_config.yaml -> /home/pratham/Documents/sauvc_ws/install/auv_core/share/auv_core/config
[0.466s] copying config/ekf.yaml -> /home/pratham/Documents/sauvc_ws/install/auv_core/share/auv_core/config
[0.466s] copying config/config_stereo.yaml -> /home/pratham/Documents/sauvc_ws/install/auv_core/share/auv_core/config
[0.466s] copying config/gz_bridge.yaml -> /home/pratham/Documents/sauvc_ws/install/auv_core/share/auv_core/config
[0.466s] creating /home/pratham/Documents/sauvc_ws/install/auv_core/share/auv_core/urdf
[0.466s] copying urdf/orca4_description.urdf -> /home/pratham/Documents/sauvc_ws/install/auv_core/share/auv_core/urdf
[0.466s] creating /home/pratham/Documents/sauvc_ws/install/auv_core/share/auv_core/worlds
[0.466s] copying worlds/sauvc_pool.sdf -> /home/pratham/Documents/sauvc_ws/install/auv_core/share/auv_core/worlds
[0.466s] creating /home/pratham/Documents/sauvc_ws/install/auv_core/share/auv_core/meshes
[0.466s] copying models/orca4_ign/meshes/t200-ccw-prop.dae -> /home/pratham/Documents/sauvc_ws/install/auv_core/share/auv_core/meshes
[0.466s] copying models/orca4_ign/meshes/t200-cw-prop.dae -> /home/pratham/Documents/sauvc_ws/install/auv_core/share/auv_core/meshes
[0.466s] copying models/orca4_ign/meshes/bluerov2.dae -> /home/pratham/Documents/sauvc_ws/install/auv_core/share/auv_core/meshes
[0.475s] creating /home/pratham/Documents/sauvc_ws/install/auv_core/share/auv_core/rviz
[0.475s] copying rviz/slam.rviz -> /home/pratham/Documents/sauvc_ws/install/auv_core/share/auv_core/rviz
[0.475s] copying rviz/urdf_config.rviz -> /home/pratham/Documents/sauvc_ws/install/auv_core/share/auv_core/rviz
[0.475s] running install_egg_info
[0.476s] Copying ../../build/auv_core/auv_core.egg-info to /home/pratham/Documents/sauvc_ws/install/auv_core/lib/python3.10/site-packages/auv_core-0.0.1-py3.10.egg-info
[0.477s] running install_scripts
[0.490s] Installing bluerov_teleop script to /home/pratham/Documents/sauvc_ws/install/auv_core/lib/auv_core
[0.490s] Installing control_node script to /home/pratham/Documents/sauvc_ws/install/auv_core/lib/auv_core
[0.490s] Installing depth_processor_node script to /home/pratham/Documents/sauvc_ws/install/auv_core/lib/auv_core
[0.490s] Installing gate_detector_node script to /home/pratham/Documents/sauvc_ws/install/auv_core/lib/auv_core
[0.490s] Installing gate_navigator_node script to /home/pratham/Documents/sauvc_ws/install/auv_core/lib/auv_core
[0.490s] Installing mission_planner_node script to /home/pratham/Documents/sauvc_ws/install/auv_core/lib/auv_core
[0.490s] Installing optical_flow_node script to /home/pratham/Documents/sauvc_ws/install/auv_core/lib/auv_core
[0.490s] Installing perception_node script to /home/pratham/Documents/sauvc_ws/install/auv_core/lib/auv_core
[0.490s] Installing serial_bridge_node script to /home/pratham/Documents/sauvc_ws/install/auv_core/lib/auv_core
[0.490s] Installing sim_thruster_mapper script to /home/pratham/Documents/sauvc_ws/install/auv_core/lib/auv_core
[0.491s] writing list of installed files to '/home/pratham/Documents/sauvc_ws/build/auv_core/install.log'
[0.507s] Invoked command in '/home/pratham/Documents/sauvc_ws/src/auv_core' returned '0': PYTHONPATH=/home/pratham/Documents/sauvc_ws/build/auv_core/prefix_override:/usr/lib/python3/dist-packages/colcon_core/task/python/colcon_distutils_commands:/home/pratham/Documents/sauvc_ws/install/auv_core/lib/python3.10/site-packages:${PYTHONPATH} /usr/bin/python3 -W ignore:setup.py install is deprecated -W ignore:easy_install command is deprecated setup.py egg_info --egg-base ../../build/auv_core build --build-base /home/pratham/Documents/sauvc_ws/build/auv_core/build install --record /home/pratham/Documents/sauvc_ws/build/auv_core/install.log --single-version-externally-managed install_data
